{"/Users/oswaldo.zarate/Sites/node-crash-course/controllers/auth.js": {"path":"/Users/oswaldo.zarate/Sites/node-crash-course/controllers/auth.js","statementMap":{"0":{"start":{"line":1,"column":29},"end":{"line":1,"column":57}},"1":{"start":{"line":2,"column":15},"end":{"line":2,"column":34}},"2":{"start":{"line":3,"column":12},"end":{"line":3,"column":35}},"3":{"start":{"line":4,"column":15},"end":{"line":4,"column":32}},"4":{"start":{"line":6,"column":13},"end":{"line":6,"column":38}},"5":{"start":{"line":8,"column":0},"end":{"line":8,"column":16}},"6":{"start":{"line":10,"column":0},"end":{"line":35,"column":2}},"7":{"start":{"line":11,"column":36},"end":{"line":11,"column":44}},"8":{"start":{"line":12,"column":2},"end":{"line":34,"column":3}},"9":{"start":{"line":13,"column":19},"end":{"line":13,"column":40}},"10":{"start":{"line":14,"column":4},"end":{"line":19,"column":5}},"11":{"start":{"line":15,"column":20},"end":{"line":15,"column":51}},"12":{"start":{"line":16,"column":6},"end":{"line":16,"column":29}},"13":{"start":{"line":17,"column":6},"end":{"line":17,"column":34}},"14":{"start":{"line":18,"column":6},"end":{"line":18,"column":18}},"15":{"start":{"line":21,"column":27},"end":{"line":21,"column":58}},"16":{"start":{"line":22,"column":17},"end":{"line":26,"column":6}},"17":{"start":{"line":27,"column":22},"end":{"line":27,"column":39}},"18":{"start":{"line":29,"column":4},"end":{"line":29,"column":77}},"19":{"start":{"line":30,"column":4},"end":{"line":30,"column":11}},"20":{"start":{"line":32,"column":4},"end":{"line":32,"column":14}},"21":{"start":{"line":33,"column":4},"end":{"line":33,"column":15}},"22":{"start":{"line":37,"column":0},"end":{"line":74,"column":2}},"23":{"start":{"line":38,"column":30},"end":{"line":38,"column":38}},"24":{"start":{"line":40,"column":2},"end":{"line":73,"column":3}},"25":{"start":{"line":41,"column":17},"end":{"line":41,"column":46}},"26":{"start":{"line":43,"column":4},"end":{"line":47,"column":5}},"27":{"start":{"line":44,"column":20},"end":{"line":44,"column":68}},"28":{"start":{"line":45,"column":6},"end":{"line":45,"column":29}},"29":{"start":{"line":46,"column":6},"end":{"line":46,"column":18}},"30":{"start":{"line":49,"column":20},"end":{"line":49,"column":65}},"31":{"start":{"line":50,"column":4},"end":{"line":54,"column":5}},"32":{"start":{"line":51,"column":20},"end":{"line":51,"column":51}},"33":{"start":{"line":52,"column":6},"end":{"line":52,"column":29}},"34":{"start":{"line":53,"column":6},"end":{"line":53,"column":18}},"35":{"start":{"line":56,"column":18},"end":{"line":63,"column":5}},"36":{"start":{"line":65,"column":4},"end":{"line":65,"column":71}},"37":{"start":{"line":66,"column":4},"end":{"line":66,"column":11}},"38":{"start":{"line":68,"column":4},"end":{"line":70,"column":5}},"39":{"start":{"line":69,"column":6},"end":{"line":69,"column":27}},"40":{"start":{"line":71,"column":4},"end":{"line":71,"column":14}},"41":{"start":{"line":72,"column":4},"end":{"line":72,"column":15}},"42":{"start":{"line":76,"column":0},"end":{"line":110,"column":2}},"43":{"start":{"line":77,"column":22},"end":{"line":77,"column":30}},"44":{"start":{"line":79,"column":2},"end":{"line":109,"column":3}},"45":{"start":{"line":80,"column":17},"end":{"line":80,"column":48}},"46":{"start":{"line":81,"column":4},"end":{"line":85,"column":5}},"47":{"start":{"line":82,"column":20},"end":{"line":82,"column":47}},"48":{"start":{"line":83,"column":6},"end":{"line":83,"column":29}},"49":{"start":{"line":84,"column":6},"end":{"line":84,"column":18}},"50":{"start":{"line":86,"column":4},"end":{"line":96,"column":5}},"51":{"start":{"line":88,"column":21},"end":{"line":88,"column":34}},"52":{"start":{"line":91,"column":6},"end":{"line":93,"column":8}},"53":{"start":{"line":92,"column":19},"end":{"line":92,"column":58}},"54":{"start":{"line":95,"column":6},"end":{"line":95,"column":62}},"55":{"start":{"line":97,"column":24},"end":{"line":97,"column":41}},"56":{"start":{"line":98,"column":4},"end":{"line":101,"column":7}},"57":{"start":{"line":102,"column":4},"end":{"line":102,"column":11}},"58":{"start":{"line":104,"column":4},"end":{"line":106,"column":5}},"59":{"start":{"line":105,"column":6},"end":{"line":105,"column":27}},"60":{"start":{"line":107,"column":4},"end":{"line":107,"column":14}},"61":{"start":{"line":108,"column":4},"end":{"line":108,"column":15}}},"fnMap":{"0":{"name":"(anonymous_0)","decl":{"start":{"line":10,"column":17},"end":{"line":10,"column":18}},"loc":{"start":{"line":10,"column":43},"end":{"line":35,"column":1}},"line":10},"1":{"name":"(anonymous_1)","decl":{"start":{"line":37,"column":16},"end":{"line":37,"column":17}},"loc":{"start":{"line":37,"column":42},"end":{"line":74,"column":1}},"line":37},"2":{"name":"(anonymous_2)","decl":{"start":{"line":76,"column":35},"end":{"line":76,"column":36}},"loc":{"start":{"line":76,"column":61},"end":{"line":110,"column":1}},"line":76},"3":{"name":"(anonymous_3)","decl":{"start":{"line":88,"column":13},"end":{"line":88,"column":14}},"loc":{"start":{"line":88,"column":21},"end":{"line":88,"column":34}},"line":88},"4":{"name":"(anonymous_4)","decl":{"start":{"line":92,"column":8},"end":{"line":92,"column":9}},"loc":{"start":{"line":92,"column":19},"end":{"line":92,"column":58}},"line":92}},"branchMap":{"0":{"loc":{"start":{"line":14,"column":4},"end":{"line":19,"column":5}},"type":"if","locations":[{"start":{"line":14,"column":4},"end":{"line":19,"column":5}},{"start":{"line":14,"column":4},"end":{"line":19,"column":5}}],"line":14},"1":{"loc":{"start":{"line":43,"column":4},"end":{"line":47,"column":5}},"type":"if","locations":[{"start":{"line":43,"column":4},"end":{"line":47,"column":5}},{"start":{"line":43,"column":4},"end":{"line":47,"column":5}}],"line":43},"2":{"loc":{"start":{"line":50,"column":4},"end":{"line":54,"column":5}},"type":"if","locations":[{"start":{"line":50,"column":4},"end":{"line":54,"column":5}},{"start":{"line":50,"column":4},"end":{"line":54,"column":5}}],"line":50},"3":{"loc":{"start":{"line":68,"column":4},"end":{"line":70,"column":5}},"type":"if","locations":[{"start":{"line":68,"column":4},"end":{"line":70,"column":5}},{"start":{"line":68,"column":4},"end":{"line":70,"column":5}}],"line":68},"4":{"loc":{"start":{"line":81,"column":4},"end":{"line":85,"column":5}},"type":"if","locations":[{"start":{"line":81,"column":4},"end":{"line":85,"column":5}},{"start":{"line":81,"column":4},"end":{"line":85,"column":5}}],"line":81},"5":{"loc":{"start":{"line":86,"column":4},"end":{"line":96,"column":5}},"type":"if","locations":[{"start":{"line":86,"column":4},"end":{"line":96,"column":5}},{"start":{"line":86,"column":4},"end":{"line":96,"column":5}}],"line":86},"6":{"loc":{"start":{"line":104,"column":4},"end":{"line":106,"column":5}},"type":"if","locations":[{"start":{"line":104,"column":4},"end":{"line":106,"column":5}},{"start":{"line":104,"column":4},"end":{"line":106,"column":5}}],"line":104}},"s":{"0":1,"1":1,"2":1,"3":1,"4":1,"5":1,"6":1,"7":4,"8":4,"9":4,"10":4,"11":1,"12":1,"13":1,"14":1,"15":3,"16":3,"17":3,"18":3,"19":2,"20":2,"21":2,"22":1,"23":2,"24":2,"25":2,"26":2,"27":1,"28":1,"29":1,"30":1,"31":1,"32":1,"33":1,"34":1,"35":0,"36":0,"37":0,"38":2,"39":0,"40":2,"41":2,"42":1,"43":3,"44":3,"45":3,"46":3,"47":1,"48":1,"49":1,"50":2,"51":1,"52":1,"53":1,"54":1,"55":2,"56":2,"57":2,"58":1,"59":0,"60":1,"61":1},"f":{"0":4,"1":2,"2":3,"3":1,"4":1},"b":{"0":[1,3],"1":[1,1],"2":[1,0],"3":[0,2],"4":[1,2],"5":[1,1],"6":[0,1]},"_coverageSchema":"1a1c01bbd47fc00a2c39e90264f33305004495a9","hash":"effde6c90674a889aaa94b705b1a14200897e1bd"}
,"/Users/oswaldo.zarate/Sites/node-crash-course/controllers/videos.js": {"path":"/Users/oswaldo.zarate/Sites/node-crash-course/controllers/videos.js","statementMap":{"0":{"start":{"line":1,"column":29},"end":{"line":1,"column":57}},"1":{"start":{"line":3,"column":14},"end":{"line":3,"column":40}},"2":{"start":{"line":4,"column":13},"end":{"line":4,"column":38}},"3":{"start":{"line":6,"column":0},"end":{"line":21,"column":2}},"4":{"start":{"line":7,"column":22},"end":{"line":7,"column":41}},"5":{"start":{"line":8,"column":18},"end":{"line":8,"column":20}},"6":{"start":{"line":10,"column":2},"end":{"line":20,"column":3}},"7":{"start":{"line":11,"column":24},"end":{"line":11,"column":57}},"8":{"start":{"line":12,"column":19},"end":{"line":14,"column":21}},"9":{"start":{"line":15,"column":4},"end":{"line":15,"column":77}},"10":{"start":{"line":16,"column":4},"end":{"line":16,"column":11}},"11":{"start":{"line":18,"column":4},"end":{"line":18,"column":14}},"12":{"start":{"line":19,"column":4},"end":{"line":19,"column":15}},"13":{"start":{"line":23,"column":0},"end":{"line":39,"column":2}},"14":{"start":{"line":24,"column":22},"end":{"line":24,"column":32}},"15":{"start":{"line":26,"column":2},"end":{"line":38,"column":3}},"16":{"start":{"line":27,"column":18},"end":{"line":27,"column":47}},"17":{"start":{"line":28,"column":4},"end":{"line":32,"column":5}},"18":{"start":{"line":29,"column":20},"end":{"line":29,"column":63}},"19":{"start":{"line":30,"column":6},"end":{"line":30,"column":29}},"20":{"start":{"line":31,"column":6},"end":{"line":31,"column":18}},"21":{"start":{"line":33,"column":4},"end":{"line":33,"column":62}},"22":{"start":{"line":34,"column":4},"end":{"line":34,"column":11}},"23":{"start":{"line":36,"column":4},"end":{"line":36,"column":14}},"24":{"start":{"line":37,"column":4},"end":{"line":37,"column":15}},"25":{"start":{"line":41,"column":0},"end":{"line":57,"column":2}},"26":{"start":{"line":42,"column":21},"end":{"line":42,"column":31}},"27":{"start":{"line":44,"column":2},"end":{"line":56,"column":3}},"28":{"start":{"line":45,"column":17},"end":{"line":45,"column":44}},"29":{"start":{"line":46,"column":4},"end":{"line":50,"column":5}},"30":{"start":{"line":47,"column":20},"end":{"line":47,"column":49}},"31":{"start":{"line":48,"column":6},"end":{"line":48,"column":29}},"32":{"start":{"line":49,"column":6},"end":{"line":49,"column":18}},"33":{"start":{"line":51,"column":4},"end":{"line":51,"column":77}},"34":{"start":{"line":52,"column":4},"end":{"line":52,"column":11}},"35":{"start":{"line":54,"column":4},"end":{"line":54,"column":14}},"36":{"start":{"line":55,"column":4},"end":{"line":55,"column":15}},"37":{"start":{"line":59,"column":0},"end":{"line":89,"column":2}},"38":{"start":{"line":60,"column":17},"end":{"line":60,"column":38}},"39":{"start":{"line":61,"column":43},"end":{"line":61,"column":51}},"40":{"start":{"line":63,"column":2},"end":{"line":88,"column":3}},"41":{"start":{"line":64,"column":4},"end":{"line":68,"column":5}},"42":{"start":{"line":65,"column":20},"end":{"line":65,"column":78}},"43":{"start":{"line":66,"column":6},"end":{"line":66,"column":29}},"44":{"start":{"line":67,"column":6},"end":{"line":67,"column":18}},"45":{"start":{"line":69,"column":18},"end":{"line":74,"column":6}},"46":{"start":{"line":75,"column":23},"end":{"line":75,"column":41}},"47":{"start":{"line":76,"column":17},"end":{"line":76,"column":48}},"48":{"start":{"line":77,"column":4},"end":{"line":77,"column":33}},"49":{"start":{"line":78,"column":4},"end":{"line":78,"column":22}},"50":{"start":{"line":79,"column":4},"end":{"line":83,"column":7}},"51":{"start":{"line":84,"column":4},"end":{"line":84,"column":11}},"52":{"start":{"line":86,"column":4},"end":{"line":86,"column":14}},"53":{"start":{"line":87,"column":4},"end":{"line":87,"column":15}}},"fnMap":{"0":{"name":"(anonymous_0)","decl":{"start":{"line":6,"column":20},"end":{"line":6,"column":21}},"loc":{"start":{"line":6,"column":46},"end":{"line":21,"column":1}},"line":6},"1":{"name":"(anonymous_1)","decl":{"start":{"line":23,"column":23},"end":{"line":23,"column":24}},"loc":{"start":{"line":23,"column":49},"end":{"line":39,"column":1}},"line":23},"2":{"name":"(anonymous_2)","decl":{"start":{"line":41,"column":24},"end":{"line":41,"column":25}},"loc":{"start":{"line":41,"column":50},"end":{"line":57,"column":1}},"line":41},"3":{"name":"(anonymous_3)","decl":{"start":{"line":59,"column":22},"end":{"line":59,"column":23}},"loc":{"start":{"line":59,"column":48},"end":{"line":89,"column":1}},"line":59}},"branchMap":{"0":{"loc":{"start":{"line":7,"column":22},"end":{"line":7,"column":41}},"type":"binary-expr","locations":[{"start":{"line":7,"column":22},"end":{"line":7,"column":36}},{"start":{"line":7,"column":40},"end":{"line":7,"column":41}}],"line":7},"1":{"loc":{"start":{"line":28,"column":4},"end":{"line":32,"column":5}},"type":"if","locations":[{"start":{"line":28,"column":4},"end":{"line":32,"column":5}},{"start":{"line":28,"column":4},"end":{"line":32,"column":5}}],"line":28},"2":{"loc":{"start":{"line":46,"column":4},"end":{"line":50,"column":5}},"type":"if","locations":[{"start":{"line":46,"column":4},"end":{"line":50,"column":5}},{"start":{"line":46,"column":4},"end":{"line":50,"column":5}}],"line":46},"3":{"loc":{"start":{"line":64,"column":4},"end":{"line":68,"column":5}},"type":"if","locations":[{"start":{"line":64,"column":4},"end":{"line":68,"column":5}},{"start":{"line":64,"column":4},"end":{"line":68,"column":5}}],"line":64}},"s":{"0":1,"1":1,"2":1,"3":1,"4":1,"5":1,"6":1,"7":1,"8":1,"9":1,"10":1,"11":0,"12":0,"13":1,"14":2,"15":2,"16":2,"17":2,"18":1,"19":1,"20":1,"21":1,"22":1,"23":1,"24":1,"25":1,"26":2,"27":2,"28":2,"29":2,"30":1,"31":1,"32":1,"33":1,"34":1,"35":1,"36":1,"37":1,"38":2,"39":2,"40":2,"41":2,"42":1,"43":1,"44":1,"45":1,"46":1,"47":1,"48":1,"49":1,"50":1,"51":1,"52":1,"53":1},"f":{"0":1,"1":2,"2":2,"3":2},"b":{"0":[1,0],"1":[1,1],"2":[1,1],"3":[1,1]},"_coverageSchema":"1a1c01bbd47fc00a2c39e90264f33305004495a9","hash":"8d77f2d3c032712516c52e86013ed035ecdd412a"}
,"/Users/oswaldo.zarate/Sites/node-crash-course/middleware/is-auth.js": {"path":"/Users/oswaldo.zarate/Sites/node-crash-course/middleware/is-auth.js","statementMap":{"0":{"start":{"line":1,"column":12},"end":{"line":1,"column":35}},"1":{"start":{"line":2,"column":15},"end":{"line":2,"column":32}},"2":{"start":{"line":4,"column":0},"end":{"line":4,"column":16}},"3":{"start":{"line":6,"column":0},"end":{"line":22,"column":2}},"4":{"start":{"line":7,"column":16},"end":{"line":7,"column":40}},"5":{"start":{"line":9,"column":2},"end":{"line":13,"column":3}},"6":{"start":{"line":10,"column":18},"end":{"line":10,"column":48}},"7":{"start":{"line":11,"column":4},"end":{"line":11,"column":27}},"8":{"start":{"line":12,"column":4},"end":{"line":12,"column":16}},"9":{"start":{"line":14,"column":2},"end":{"line":19,"column":3}},"10":{"start":{"line":15,"column":4},"end":{"line":15,"column":68}},"11":{"start":{"line":17,"column":4},"end":{"line":17,"column":23}},"12":{"start":{"line":18,"column":4},"end":{"line":18,"column":12}},"13":{"start":{"line":20,"column":2},"end":{"line":20,"column":35}},"14":{"start":{"line":21,"column":2},"end":{"line":21,"column":9}}},"fnMap":{"0":{"name":"(anonymous_0)","decl":{"start":{"line":6,"column":17},"end":{"line":6,"column":18}},"loc":{"start":{"line":6,"column":37},"end":{"line":22,"column":1}},"line":6}},"branchMap":{"0":{"loc":{"start":{"line":9,"column":2},"end":{"line":13,"column":3}},"type":"if","locations":[{"start":{"line":9,"column":2},"end":{"line":13,"column":3}},{"start":{"line":9,"column":2},"end":{"line":13,"column":3}}],"line":9}},"s":{"0":1,"1":1,"2":1,"3":1,"4":3,"5":3,"6":1,"7":1,"8":1,"9":2,"10":2,"11":1,"12":1,"13":1,"14":1},"f":{"0":3},"b":{"0":[1,2]},"_coverageSchema":"1a1c01bbd47fc00a2c39e90264f33305004495a9","hash":"06fd2e120b2bc53f89e9b111acf35013032ea926"}
,"/Users/oswaldo.zarate/Sites/node-crash-course/models/user.js": {"path":"/Users/oswaldo.zarate/Sites/node-crash-course/models/user.js","statementMap":{"0":{"start":{"line":1,"column":17},"end":{"line":1,"column":36}},"1":{"start":{"line":3,"column":15},"end":{"line":3,"column":30}},"2":{"start":{"line":5,"column":19},"end":{"line":30,"column":2}},"3":{"start":{"line":32,"column":0},"end":{"line":32,"column":52}}},"fnMap":{},"branchMap":{},"s":{"0":2,"1":2,"2":2,"3":2},"f":{},"b":{},"_coverageSchema":"1a1c01bbd47fc00a2c39e90264f33305004495a9","hash":"fa470e161f23ec428ae4795bf2efaa3c08fb177a"}
,"/Users/oswaldo.zarate/Sites/node-crash-course/models/video.js": {"path":"/Users/oswaldo.zarate/Sites/node-crash-course/models/video.js","statementMap":{"0":{"start":{"line":1,"column":17},"end":{"line":1,"column":36}},"1":{"start":{"line":3,"column":15},"end":{"line":3,"column":30}},"2":{"start":{"line":5,"column":20},"end":{"line":26,"column":1}},"3":{"start":{"line":28,"column":0},"end":{"line":28,"column":54}}},"fnMap":{},"branchMap":{},"s":{"0":1,"1":1,"2":1,"3":1},"f":{},"b":{},"_coverageSchema":"1a1c01bbd47fc00a2c39e90264f33305004495a9","hash":"fff35da24d5d5890e3b574e7d303664c7823a1dd"}
}
