TN:
SF:controllers/auth.js
FN:10,(anonymous_0)
FN:37,(anonymous_1)
FN:76,(anonymous_2)
FN:88,(anonymous_3)
FN:92,(anonymous_4)
FNF:5
FNH:5
FNDA:2,(anonymous_0)
FNDA:2,(anonymous_1)
FNDA:3,(anonymous_2)
FNDA:1,(anonymous_3)
FNDA:1,(anonymous_4)
DA:1,1
DA:2,1
DA:3,1
DA:4,1
DA:6,1
DA:8,1
DA:10,1
DA:11,2
DA:12,2
DA:13,2
DA:14,2
DA:15,1
DA:16,1
DA:17,1
DA:18,1
DA:21,1
DA:22,1
DA:27,1
DA:29,1
DA:30,1
DA:32,1
DA:33,1
DA:37,1
DA:38,2
DA:40,2
DA:41,2
DA:43,2
DA:44,1
DA:45,1
DA:46,1
DA:49,1
DA:50,1
DA:51,1
DA:52,1
DA:53,1
DA:56,0
DA:65,0
DA:66,0
DA:68,2
DA:69,0
DA:71,2
DA:72,2
DA:76,1
DA:77,3
DA:79,3
DA:80,3
DA:81,2
DA:82,0
DA:83,0
DA:84,0
DA:86,2
DA:88,1
DA:91,1
DA:92,1
DA:95,1
DA:97,2
DA:98,2
DA:102,2
DA:104,1
DA:105,1
DA:107,1
DA:108,1
LF:62
LH:55
BRDA:14,0,0,1
BRDA:14,0,1,1
BRDA:43,1,0,1
BRDA:43,1,1,1
BRDA:50,2,0,1
BRDA:50,2,1,0
BRDA:68,3,0,0
BRDA:68,3,1,2
BRDA:81,4,0,0
BRDA:81,4,1,2
BRDA:86,5,0,1
BRDA:86,5,1,1
BRDA:104,6,0,1
BRDA:104,6,1,0
BRF:14
BRH:10
end_of_record
TN:
SF:middleware/is-auth.js
FN:6,(anonymous_0)
FNF:1
FNH:1
FNDA:3,(anonymous_0)
DA:1,1
DA:2,1
DA:4,1
DA:6,1
DA:7,3
DA:9,3
DA:10,1
DA:11,1
DA:12,1
DA:14,2
DA:15,2
DA:17,1
DA:18,1
DA:20,1
DA:21,1
LF:15
LH:15
BRDA:9,0,0,1
BRDA:9,0,1,2
BRF:2
BRH:2
end_of_record
TN:
SF:models/user.js
FNF:0
FNH:0
DA:1,2
DA:3,2
DA:5,2
DA:32,2
LF:4
LH:4
BRF:0
BRH:0
end_of_record
TN:
SF:models/video.js
FNF:0
FNH:0
DA:1,1
DA:3,1
DA:5,1
DA:28,1
LF:4
LH:4
BRF:0
BRH:0
end_of_record
